<?xml version="1.0" encoding="UTF-8"?>
<!-- Generated by org.testng.reporters.JUnitXMLReporter -->
<testsuite hostname="LAPTOP-3I3FSMH6" name="ValidatingUser" tests="2" failures="0" timestamp="21 Apr 2020 00:59:29 GMT" time="1.182" errors="0">
  <testcase name="@BeforeTest initialize" time="0.0" classname="Academy.HomePage">
    <failure type="org.openqa.selenium.SessionNotCreatedException" message="session not created: This version of ChromeDriver only supports Chrome version 79
Build info: version: &amp;apos;3.141.59&amp;apos;, revision: &amp;apos;e82be7d358&amp;apos;, time: &amp;apos;2018-11-14T08:17:03&amp;apos;
System info: host: &amp;apos;LAPTOP-3I3FSMH6&amp;apos;, ip: &amp;apos;192.168.0.5&amp;apos;, os.name: &amp;apos;Windows 10&amp;apos;, os.arch: &amp;apos;amd64&amp;apos;, os.version: &amp;apos;10.0&amp;apos;, java.version: &amp;apos;1.8.0_231&amp;apos;
Driver info: driver.version: ChromeDriver
remote stacktrace: Backtrace:
	Ordinal0 [0x0117A113+1548563]
	Ordinal0 [0x010FDDA1+1039777]
	Ordinal0 [0x0107E485+517253]
	Ordinal0 [0x0100FD34+64820]
	Ordinal0 [0x0100C61E+50718]
	Ordinal0 [0x0102B797+178071]
	Ordinal0 [0x0102B59D+177565]
	Ordinal0 [0x010295FB+169467]
	Ordinal0 [0x0101160A+71178]
	Ordinal0 [0x01012690+75408]
	Ordinal0 [0x01012629+75305]
	Ordinal0 [0x011171B7+1143223]
	GetHandleVerifier [0x01212B46+507814]
	GetHandleVerifier [0x01212864+507076]
	GetHandleVerifier [0x01219F47+537511]
	GetHandleVerifier [0x01213402+510050]
	Ordinal0 [0x0110F29C+1110684]
	Ordinal0 [0x0111938B+1151883]
	Ordinal0 [0x011194F3+1152243]
	Ordinal0 [0x011183F5+1147893]
	BaseThreadInitThunk [0x76C86359+25]
	RtlGetAppContainerNamedObjectPath [0x77397C14+228]
	RtlGetAppContainerNamedObjectPath [0x77397BE4+180]
">
      <![CDATA[org.openqa.selenium.SessionNotCreatedException: session not created: This version of ChromeDriver only supports Chrome version 79
Build info: version: '3.141.59', revision: 'e82be7d358', time: '2018-11-14T08:17:03'
System info: host: 'LAPTOP-3I3FSMH6', ip: '192.168.0.5', os.name: 'Windows 10', os.arch: 'amd64', os.version: '10.0', java.version: '1.8.0_231'
Driver info: driver.version: ChromeDriver
remote stacktrace: Backtrace:
	Ordinal0 [0x0117A113+1548563]
	Ordinal0 [0x010FDDA1+1039777]
	Ordinal0 [0x0107E485+517253]
	Ordinal0 [0x0100FD34+64820]
	Ordinal0 [0x0100C61E+50718]
	Ordinal0 [0x0102B797+178071]
	Ordinal0 [0x0102B59D+177565]
	Ordinal0 [0x010295FB+169467]
	Ordinal0 [0x0101160A+71178]
	Ordinal0 [0x01012690+75408]
	Ordinal0 [0x01012629+75305]
	Ordinal0 [0x011171B7+1143223]
	GetHandleVerifier [0x01212B46+507814]
	GetHandleVerifier [0x01212864+507076]
	GetHandleVerifier [0x01219F47+537511]
	GetHandleVerifier [0x01213402+510050]
	Ordinal0 [0x0110F29C+1110684]
	Ordinal0 [0x0111938B+1151883]
	Ordinal0 [0x011194F3+1152243]
	Ordinal0 [0x011183F5+1147893]
	BaseThreadInitThunk [0x76C86359+25]
	RtlGetAppContainerNamedObjectPath [0x77397C14+228]
	RtlGetAppContainerNamedObjectPath [0x77397BE4+180]

	at org.openqa.selenium.remote.W3CHandshakeResponse.lambda$errorHandler$0(W3CHandshakeResponse.java:62)
	at org.openqa.selenium.remote.HandshakeResponse.lambda$getResponseFunction$0(HandshakeResponse.java:30)
	at org.openqa.selenium.remote.ProtocolHandshake.lambda$createSession$0(ProtocolHandshake.java:126)
	at java.util.stream.ReferencePipeline$3$1.accept(Unknown Source)
	at java.util.Spliterators$ArraySpliterator.tryAdvance(Unknown Source)
	at java.util.stream.ReferencePipeline.forEachWithCancel(Unknown Source)
	at java.util.stream.AbstractPipeline.copyIntoWithCancel(Unknown Source)
	at java.util.stream.AbstractPipeline.copyInto(Unknown Source)
	at java.util.stream.AbstractPipeline.wrapAndCopyInto(Unknown Source)
	at java.util.stream.FindOps$FindOp.evaluateSequential(Unknown Source)
	at java.util.stream.AbstractPipeline.evaluate(Unknown Source)
	at java.util.stream.ReferencePipeline.findFirst(Unknown Source)
	at org.openqa.selenium.remote.ProtocolHandshake.createSession(ProtocolHandshake.java:128)
	at org.openqa.selenium.remote.ProtocolHandshake.createSession(ProtocolHandshake.java:74)
	at org.openqa.selenium.remote.HttpCommandExecutor.execute(HttpCommandExecutor.java:136)
	at org.openqa.selenium.remote.service.DriverCommandExecutor.execute(DriverCommandExecutor.java:83)
	at org.openqa.selenium.remote.RemoteWebDriver.execute(RemoteWebDriver.java:552)
	at org.openqa.selenium.remote.RemoteWebDriver.startSession(RemoteWebDriver.java:213)
	at org.openqa.selenium.remote.RemoteWebDriver.<init>(RemoteWebDriver.java:131)
	at org.openqa.selenium.chrome.ChromeDriver.<init>(ChromeDriver.java:181)
	at org.openqa.selenium.chrome.ChromeDriver.<init>(ChromeDriver.java:168)
	at org.openqa.selenium.chrome.ChromeDriver.<init>(ChromeDriver.java:157)
	at Academy.base.initializeDriver(base.java:37)
	at Academy.HomePage.initialize(HomePage.java:22)
... Removed 26 stack frames]]>
    </failure>
  </testcase> <!-- @BeforeTest initialize -->
  <testcase name="@AfterTest tearDown" time="0.0" classname="Academy.HomePage">
    <skipped/>
  </testcase> <!-- @AfterTest tearDown -->
  <testcase name="basePageNavigation" time="0.005" classname="Academy.HomePage">
    <skipped/>
  </testcase> <!-- basePageNavigation -->
  <testcase name="basePageNavigation" time="0.001" classname="Academy.HomePage">
    <skipped/>
  </testcase> <!-- basePageNavigation -->
</testsuite> <!-- ValidatingUser -->
